<?xml version="1.0" encoding="UTF-8"?>
<!-- Generated by org.testng.reporters.JUnitReportReporter -->
<testsuite hostname="192.168.1.6" name="com.testNGDemo.AnnotationPriorities" tests="2" failures="0" timestamp="2 Dec 2019 04:01:27 GMT" time="0.007" errors="0">
  <testcase name="googlesearchTest" time="0.001" classname="com.testNGDemo.AnnotationPriorities"/>
  <testcase name="googleTest" time="0.006" classname="com.testNGDemo.AnnotationPriorities"/>
</testsuite> <!-- com.testNGDemo.AnnotationPriorities -->
