<?xml version="1.0" encoding="UTF-8"?>
<!-- Generated by org.testng.reporters.JUnitReportReporter -->
<testsuite hostname="192.168.1.6" name="com.testNGDemo.GroupingofTC" tests="5" failures="0" timestamp="2 Dec 2019 04:57:00 GMT" time="0.014" errors="0">
  <testcase name="Car2" time="0.001" classname="com.testNGDemo.GroupingofTC"/>
  <testcase name="Scooter1" time="0.001" classname="com.testNGDemo.GroupingofTC"/>
  <testcase name="Sedan1" time="0.001" classname="com.testNGDemo.GroupingofTC"/>
  <testcase name="Scooter2" time="0.001" classname="com.testNGDemo.GroupingofTC"/>
  <testcase name="Car1" time="0.010" classname="com.testNGDemo.GroupingofTC"/>
</testsuite> <!-- com.testNGDemo.GroupingofTC -->
