<?xml version="1.0" encoding="UTF-8"?>
<!-- Generated by org.testng.reporters.JUnitReportReporter -->
<testsuite hostname="192.168.1.6" name="com.smokesuite.HomePageTest" tests="3" failures="0" timestamp="2 Dec 2019 05:54:40 GMT" time="26.907" errors="0">
  <testcase name="when_we_hover_women_we_should_be_able_to_select_dress" time="11.932" classname="com.smokesuite.HomePageTest"/>
  <testcase name="verifyHomePageTitleTest" time="7.212" classname="com.smokesuite.HomePageTest"/>
  <testcase name="verifythemessageofCustomBlock" time="7.763" classname="com.smokesuite.HomePageTest"/>
</testsuite> <!-- com.smokesuite.HomePageTest -->
