<?xml version="1.0" encoding="UTF-8"?>
<!-- Generated by org.testng.reporters.JUnitReportReporter -->
<testsuite hostname="192.168.1.4" name="com.smokesuite.HomePageTest" tests="2" failures="0" timestamp="1 Dec 2019 10:23:03 GMT" time="18.179" errors="0">
  <testcase name="when_we_hover_women_we_should_be_able_to_select_dress" time="11.636" classname="com.smokesuite.HomePageTest"/>
  <testcase name="verifyHomePageTitleTest" time="6.543" classname="com.smokesuite.HomePageTest"/>
</testsuite> <!-- com.smokesuite.HomePageTest -->
