<?xml version="1.0" encoding="UTF-8"?>
<!-- Generated by org.testng.reporters.JUnitReportReporter -->
<testsuite hostname="192.168.1.4" name="Sel.Testing.AppTest" tests="1" failures="0" timestamp="1 Dec 2019 13:44:25 GMT" time="10.311" errors="0">
  <testcase name="Test1" time="10.311" classname="Sel.Testing.AppTest"/>
</testsuite> <!-- Sel.Testing.AppTest -->
